<?xml version="1.0" encoding="UTF-8"?>
<!-- Generated by org.testng.reporters.JUnitReportReporter -->
<testsuite hostname="LTIN556588" failures="0" tests="2" name="myAppAndroid.myAppTestCases.TestCase_02" time="46.762" errors="0" timestamp="2024-10-08T14:30:38 IST" skipped="0">
  <testcase classname="myAppAndroid.myAppTestCases.TestCase_02" name="test_Case_Long_Click" time="22.301"/>
  <testcase classname="myAppAndroid.myAppTestCases.TestCase_02" name="test_Case_Scroll" time="24.461"/>
</testsuite> <!-- myAppAndroid.myAppTestCases.TestCase_02 -->
