<?xml version="1.0" encoding="UTF-8"?>
<!-- Generated by org.testng.reporters.JUnitReportReporter -->
<testsuite hostname="Acartus-16" failures="0" tests="1" name="myAppAndroid.myAppPageObjects.MyAppHome" time="5.428" errors="0" timestamp="2024-09-21T12:21:32 IST" skipped="0">
  <testcase classname="myAppAndroid.myAppPageObjects.MyAppHome" name="Test1" time="5.428"/>
</testsuite> <!-- myAppAndroid.myAppPageObjects.MyAppHome -->
