<?xml version="1.0" encoding="UTF-8"?>
<!-- Generated by org.testng.reporters.JUnitReportReporter -->
<testsuite hostname="Acartus-16" failures="0" tests="11" name="myAppAndroid.myAppTestCases.TestCase_01" time="76.840" errors="0" timestamp="2024-09-27T17:25:43 IST" skipped="0">
  <testcase classname="myAppAndroid.myAppTestCases.TestCase_01" name="verify_Text_Click" time="6.980"/>
  <testcase classname="myAppAndroid.myAppTestCases.TestCase_01" name="verify_Graphics_Click" time="6.973"/>
  <testcase classname="myAppAndroid.myAppTestCases.TestCase_01" name="verify_Media_Click" time="6.951"/>
  <testcase classname="myAppAndroid.myAppTestCases.TestCase_01" name="verify_Views_Click" time="6.970"/>
  <testcase classname="myAppAndroid.myAppTestCases.TestCase_01" name="verify_Accessibility_Click" time="7.037"/>
  <testcase classname="myAppAndroid.myAppTestCases.TestCase_01" name="verify_Animation_Click" time="7.017"/>
  <testcase classname="myAppAndroid.myAppTestCases.TestCase_01" name="verify_Content_Click" time="7.015"/>
  <testcase classname="myAppAndroid.myAppTestCases.TestCase_01" name="verify_Preference_Click" time="6.945"/>
  <testcase classname="myAppAndroid.myAppTestCases.TestCase_01" name="verify_Os_Click" time="6.978"/>
  <testcase classname="myAppAndroid.myAppTestCases.TestCase_01" name="verify_App_Click" time="7.007"/>
  <testcase classname="myAppAndroid.myAppTestCases.TestCase_01" name="verify_Nfc_Click" time="6.967"/>
</testsuite> <!-- myAppAndroid.myAppTestCases.TestCase_01 -->
