<?xml version="1.0" encoding="UTF-8"?>
<!-- Generated by org.testng.reporters.JUnitReportReporter -->
<testsuite hostname="LTIN556588" failures="0" tests="11" name="myAppAndroid.myAppTestCases.TestCase_01" time="90.756" errors="0" timestamp="2024-10-08T14:28:52 IST" skipped="0">
  <testcase classname="myAppAndroid.myAppTestCases.TestCase_01" name="verify_Nfc_Click" time="7.887"/>
  <testcase classname="myAppAndroid.myAppTestCases.TestCase_01" name="verify_Text_Click" time="7.865"/>
  <testcase classname="myAppAndroid.myAppTestCases.TestCase_01" name="verify_Accessibility_Click" time="8.919"/>
  <testcase classname="myAppAndroid.myAppTestCases.TestCase_01" name="verify_Graphics_Click" time="7.940"/>
  <testcase classname="myAppAndroid.myAppTestCases.TestCase_01" name="verify_App_Click" time="8.273"/>
  <testcase classname="myAppAndroid.myAppTestCases.TestCase_01" name="verify_Animation_Click" time="8.544"/>
  <testcase classname="myAppAndroid.myAppTestCases.TestCase_01" name="verify_Content_Click" time="8.405"/>
  <testcase classname="myAppAndroid.myAppTestCases.TestCase_01" name="verify_Os_Click" time="8.024"/>
  <testcase classname="myAppAndroid.myAppTestCases.TestCase_01" name="verify_Views_Click" time="8.618"/>
  <testcase classname="myAppAndroid.myAppTestCases.TestCase_01" name="verify_Media_Click" time="8.148"/>
  <testcase classname="myAppAndroid.myAppTestCases.TestCase_01" name="verify_Preference_Click" time="8.133"/>
</testsuite> <!-- myAppAndroid.myAppTestCases.TestCase_01 -->
