<?xml version="1.0" encoding="UTF-8"?>
<!-- Generated by org.testng.reporters.JUnitReportReporter -->
<testsuite hostname="Acartus-16" failures="0" tests="2" name="myAppAndroid.myAppTestCases.TestCase_02" time="40.800" errors="0" timestamp="2024-09-27T17:25:43 IST" skipped="0">
  <testcase classname="myAppAndroid.myAppTestCases.TestCase_02" name="test_Case_Scroll" time="16.760"/>
  <testcase classname="myAppAndroid.myAppTestCases.TestCase_02" name="test_Case_Long_Click" time="24.040"/>
</testsuite> <!-- myAppAndroid.myAppTestCases.TestCase_02 -->
